{
  "RSpec": {
    "coverage": {
      "/Users/rorybudnick/dev/hospitalpricecompare/app/helpers/application_helper.rb": [
        1,
        null
      ],
      "/Users/rorybudnick/dev/hospitalpricecompare/app/models/user.rb": [
        1,
        1,
        1,
        null,
        1,
        1,
        1,
        1,
        1,
        1,
        null
      ],
      "/Users/rorybudnick/dev/hospitalpricecompare/app/controllers/session_controller.rb": [
        1,
        null,
        1,
        1,
        null,
        null,
        1,
        null,
        1,
        null,
        null,
        1,
        null,
        null,
        1,
        null,
        null,
        1,
        null,
        null,
        null,
        0,
        0,
        null,
        null,
        null,
        1,
        0,
        0,
        null,
        null,
        null
      ],
      "/Users/rorybudnick/dev/hospitalpricecompare/app/controllers/application_controller.rb": [
        1,
        null,
        null,
        1,
        null,
        1,
        0,
        null,
        null,
        1,
        0,
        null,
        null,
        1,
        null
      ],
      "/Users/rorybudnick/dev/hospitalpricecompare/app/controllers/users_controller.rb": [
        1,
        null,
        1,
        1,
        null,
        1,
        0,
        null,
        null,
        1,
        0,
        null,
        0,
        0,
        null,
        0,
        null,
        null,
        null,
        1,
        null,
        null,
        1,
        null,
        null,
        1,
        0,
        null,
        null,
        1,
        0,
        0,
        0,
        null,
        null,
        1,
        null,
        1,
        1,
        null,
        null,
        1,
        0,
        null,
        null,
        1,
        0,
        0,
        null,
        null,
        null,
        1,
        0,
        0,
        null,
        null,
        null
      ],
      "/Users/rorybudnick/dev/hospitalpricecompare/app/controllers/hospitals_controller.rb": [
        1,
        null,
        1,
        null,
        1,
        1001,
        1,
        null,
        null,
        1,
        null,
        1,
        1,
        null,
        null,
        1,
        0,
        null,
        null,
        1,
        0,
        null,
        null,
        1,
        null,
        null,
        1,
        null,
        1,
        0,
        null,
        null,
        null
      ],
      "/Users/rorybudnick/dev/hospitalpricecompare/app/controllers/favorites_controller.rb": [
        1,
        1,
        null,
        1,
        null,
        1,
        1,
        null,
        null,
        1,
        0,
        null,
        null,
        1,
        null,
        1,
        1,
        1,
        null,
        null,
        1,
        null,
        0,
        0,
        null,
        null,
        1,
        null,
        1,
        1,
        null,
        null,
        1,
        0,
        null,
        null
      ],
      "/Users/rorybudnick/dev/hospitalpricecompare/app/models/hospital.rb": [
        1,
        1,
        1,
        null
      ],
      "/Users/rorybudnick/dev/hospitalpricecompare/app/models/favorite.rb": [
        1,
        1,
        1,
        null,
        null
      ]
    },
    "timestamp": 1393863525
  }
}
