{
  "RSpec": {
    "coverage": {
      "/Users/rorybudnick/dev/hospitalpricecompare/app/helpers/application_helper.rb": [
        1,
        null
      ],
      "/Users/rorybudnick/dev/hospitalpricecompare/app/models/favorite.rb": [
        1,
        1,
        1,
        null,
        null
      ],
      "/Users/rorybudnick/dev/hospitalpricecompare/app/models/user.rb": [
        1,
        1,
        1,
        null,
        1,
        1,
        1,
        1,
        1,
        1,
        null
      ]
    },
    "timestamp": 1400099256
  }
}
